Start testing: Oct 28 14:29 CEST
----------------------------------------------------------
1/1 Testing: next
1/1 Test: next
Command: "/home/stud2016/6poreba/ppo/zaj3/built/test_next"
Directory: /home/stud2016/6poreba/ppo/zaj3/built
"next" start time: Oct 28 14:29 CEST
Output:
----------------------------------------------------------
<end of output>
Test time =   0.00 sec
----------------------------------------------------------
Test Passed.
"next" end time: Oct 28 14:29 CEST
"next" time elapsed: 00:00:00
----------------------------------------------------------

End testing: Oct 28 14:29 CEST
